Using pre-set license
Built from '2021.1/staging' branch; Version is '2021.1.3f1 (4bef613afd59) revision 4976481'; Using compiler version '192528614'; Build Type 'Release'
OS: 'Windows 10 Enterprise LTSC 2019; OS build 17763.1999; Version 1809; 64bit' Language: 'zh' Physical Memory: 16328 MB
BatchMode: 1, IsHumanControllingUs: 0, StartBugReporterOnCrash: 0, Is64bit: 1, IsPro: 0

 COMMAND LINE ARGUMENTS:
D:\Unity\Editors\2021.1.3f1\Editor\Unity.exe
-adb2
-batchMode
-noUpm
-name
AssetImportWorker0
-projectPath
E:/GitKraken/NodeEditor/NodeEditor-DialogueGraph
-logFile
Logs/AssetImportWorker0.log
-srvPort
11810
Successfully changed project path to: E:/GitKraken/NodeEditor/NodeEditor-DialogueGraph
E:/GitKraken/NodeEditor/NodeEditor-DialogueGraph
Using Asset Import Pipeline V2.
Refreshing native plugins compatible for Editor in 20.76 ms, found 0 plugins.
Preloading 0 native plugins for Editor in 0.00 ms.
Initialize engine version: 2021.1.3f1 (4bef613afd59)
[Subsystems] Discovering subsystems at path D:/Unity/Editors/2021.1.3f1/Editor/Data/Resources/UnitySubsystems
[Subsystems] Discovering subsystems at path E:/GitKraken/NodeEditor/NodeEditor-DialogueGraph/Assets
GfxDevice: creating device client; threaded=0; jobified=0
Direct3D:
    Version:  Direct3D 11.0 [level 11.1]
    Renderer: NVIDIA GeForce GTX 1050 Ti (ID=0x1c82)
    Vendor:   NVIDIA
    VRAM:     4018 MB
    Driver:   27.21.14.5671
Initialize mono
Mono path[0] = 'D:/Unity/Editors/2021.1.3f1/Editor/Data/Managed'
Mono path[1] = 'D:/Unity/Editors/2021.1.3f1/Editor/Data/MonoBleedingEdge/lib/mono/unityjit'
Mono config path = 'D:/Unity/Editors/2021.1.3f1/Editor/Data/MonoBleedingEdge/etc'
Using monoOptions --debugger-agent=transport=dt_socket,embedding=1,server=y,suspend=n,address=127.0.0.1:56192
Begin MonoManager ReloadAssembly
Registering precompiled unity dll's ...
Register platform support module: D:/Unity/Editors/2021.1.3f1/Editor/Data/PlaybackEngines/WindowsStandaloneSupport/UnityEditor.WindowsStandalone.Extensions.dll
Registered in 0.000674 seconds.
Native extension for WindowsStandalone target not found
Refreshing native plugins compatible for Editor in 20.74 ms, found 0 plugins.
Preloading 0 native plugins for Editor in 0.00 ms.
Mono: successfully reloaded assembly
- Completed reload, in  1.338 seconds
Platform modules already initialized, skipping
Registering precompiled user dll's ...
Registered in 0.000388 seconds.
Begin MonoManager ReloadAssembly
Native extension for WindowsStandalone target not found
Refreshing native plugins compatible for Editor in 0.22 ms, found 0 plugins.
Preloading 0 native plugins for Editor in 0.00 ms.
Mono: successfully reloaded assembly
- Completed reload, in  0.720 seconds
Platform modules already initialized, skipping
========================================================================
Worker process is ready to serve import requests
Launched and connected shader compiler UnityShaderCompiler.exe after 0.04 seconds
Refreshing native plugins compatible for Editor in 0.18 ms, found 0 plugins.
Preloading 0 native plugins for Editor in 0.00 ms.
Unloading 1134 Unused Serialized files (Serialized files now loaded: 0)
System memory in use before: 58.5 MB.
System memory in use after: 58.6 MB.

Unloading 10 unused Assets to reduce memory usage. Loaded Objects now: 1590.
Total: 1.538700 ms (FindLiveObjects: 0.112800 ms CreateObjectMapping: 0.036100 ms MarkObjects: 1.336500 ms  DeleteObjects: 0.052700 ms)

========================================================================
Received Import Request.
  path: Assets/Dialogue/Resources/剧本1.asset
  artifactKey: Guid(dc5c58536005d0e4fa2c217e9c30879f) Importer(815301076,1909f56bfc062723c751e8b465ee728b)
Start importing Assets/Dialogue/Resources/剧本1.asset using Guid(dc5c58536005d0e4fa2c217e9c30879f) Importer(815301076,1909f56bfc062723c751e8b465ee728b)  -> (artifact id: '5e66f68470d28a7cb687a8408a61f038') in 0.058023 seconds 
========================================================================
Received Import Request.
  Time since last request: 0.000285 seconds.
  path: Assets/Dialogue/Resources/talk.asset
  artifactKey: Guid(ecb63e31b7b719049ad11e96c3be6bd8) Importer(815301076,1909f56bfc062723c751e8b465ee728b)
Start importing Assets/Dialogue/Resources/talk.asset using Guid(ecb63e31b7b719049ad11e96c3be6bd8) Importer(815301076,1909f56bfc062723c751e8b465ee728b)  -> (artifact id: 'a24c5227275123b5acb0d3f2245c20e2') in 0.002212 seconds 
========================================================================
Received Import Request.
  Time since last request: 0.000245 seconds.
  path: Assets/Dialogue/Resources/DialogueGraph.uss
  artifactKey: Guid(f0e59f183728f2945a00af67a23c5b01) Importer(815301076,1909f56bfc062723c751e8b465ee728b)
Start importing Assets/Dialogue/Resources/DialogueGraph.uss using Guid(f0e59f183728f2945a00af67a23c5b01) Importer(815301076,1909f56bfc062723c751e8b465ee728b)  -> (artifact id: '9a048fee85c73b03cdf64ae2cadbbe50') in 0.010291 seconds 
========================================================================
Received Import Request.
  Time since last request: 0.000248 seconds.
  path: Assets/Dialogue/Resources/Node.uss
  artifactKey: Guid(dd41d3edd32194d4aad3393bbc403db3) Importer(815301076,1909f56bfc062723c751e8b465ee728b)
Start importing Assets/Dialogue/Resources/Node.uss using Guid(dd41d3edd32194d4aad3393bbc403db3) Importer(815301076,1909f56bfc062723c751e8b465ee728b)  -> (artifact id: '40fca3778051b320c67fb03ae45672c0') in 0.002695 seconds 
========================================================================
Received Import Request.
  Time since last request: 68.714240 seconds.
  path: Assets/Dialogue/Runtime/DialogueContainer.cs
  artifactKey: Guid(56fc739cff0ade64f92113828a97a019) Importer(815301076,1909f56bfc062723c751e8b465ee728b)
Start importing Assets/Dialogue/Runtime/DialogueContainer.cs using Guid(56fc739cff0ade64f92113828a97a019) Importer(815301076,1909f56bfc062723c751e8b465ee728b)  -> (artifact id: 'f0e9dd12e12498965fca09a5ac856589') in 0.006000 seconds 
========================================================================
Received Import Request.
  Time since last request: 13563.109807 seconds.
  path: Assets/Dialogue/Runtime/DialogueNodeData.cs
  artifactKey: Guid(fd332d96d69d78d4e8e03788854e1db1) Importer(815301076,1909f56bfc062723c751e8b465ee728b)
Start importing Assets/Dialogue/Runtime/DialogueNodeData.cs using Guid(fd332d96d69d78d4e8e03788854e1db1) Importer(815301076,1909f56bfc062723c751e8b465ee728b)  -> (artifact id: '8d0ac4a2e0f6c8000a921d910adc56e7') in 0.500200 seconds 
========================================================================
Received Import Request.
  Time since last request: 0.000267 seconds.
  path: Assets/Dialogue/Runtime/ExposedProperty.cs
  artifactKey: Guid(559a4a66b0d00e845b4865ed6554e68c) Importer(815301076,1909f56bfc062723c751e8b465ee728b)
Start importing Assets/Dialogue/Runtime/ExposedProperty.cs using Guid(559a4a66b0d00e845b4865ed6554e68c) Importer(815301076,1909f56bfc062723c751e8b465ee728b)  -> (artifact id: '85c821ccac4f3ad3bc8666efec1615c3') in 0.045731 seconds 
========================================================================
Received Import Request.
  Time since last request: 1.111502 seconds.
  path: Assets/Dialogue/Runtime/EdgeData.cs
  artifactKey: Guid(93ca715c412704d4ca87fd48efc3ca87) Importer(815301076,1909f56bfc062723c751e8b465ee728b)
Start importing Assets/Dialogue/Runtime/EdgeData.cs using Guid(93ca715c412704d4ca87fd48efc3ca87) Importer(815301076,1909f56bfc062723c751e8b465ee728b)  -> (artifact id: '4b5ac7a40b1eb7f5e7fd4a0a8294a71a') in 0.188557 seconds 
========================================================================
Received Import Request.
  Time since last request: 2.389098 seconds.
  path: Assets/Dialogue/Runtime
  artifactKey: Guid(4f17492bf5b1d024f914caa10eaf9943) Importer(815301076,1909f56bfc062723c751e8b465ee728b)
Start importing Assets/Dialogue/Runtime using Guid(4f17492bf5b1d024f914caa10eaf9943) Importer(815301076,1909f56bfc062723c751e8b465ee728b)  -> (artifact id: '02b594783da6c83bc6374112f7834cc3') in 0.087298 seconds 
========================================================================
Received Import Request.
  Time since last request: 608.560573 seconds.
  path: Assets/Dialogue
  artifactKey: Guid(14b5feb58965e094292fcef1ac8e9ebd) Importer(815301076,1909f56bfc062723c751e8b465ee728b)
Start importing Assets/Dialogue using Guid(14b5feb58965e094292fcef1ac8e9ebd) Importer(815301076,1909f56bfc062723c751e8b465ee728b)  -> (artifact id: '034a9ce6defbf8c71ebc3022bb8b3d71') in 0.026637 seconds 
